16:35:59, URL: https://www.flexshopper.com/category/jewelry-watches&rfk=1&mega_menu=2_jewelry?rfk=1, Response code: 404
16:37:19, URL: https://www.flexshopper.com/category/wedding-rings?rfk=1, Response code: 404
16:39:55, URL: https://www.flexshopper.com/product/samsung-32-led-smart-hdtv-un32n5300af-almo, Response code: 404
16:39:58, URL: https://www.flexshopper.com/product/qn43ls03bafxza-samsung-43-inch-class-qled-4k-ls03b-series-4k-uh-b09tq5cc4p, Response code: 404
16:40:04, URL: https://www.flexshopper.com/product/samsung-chromebook-4-116-celeron-n4020-4-gb-ram-32-gb-emmc-bb21706041-6460516, Response code: 404
16:40:10, URL: https://www.flexshopper.com/product/samsung-wa40a3005aw-wa40a3005awa440-cu-ft-high-efficiency-top-load-washer-white-wa40a3005aw-eex, Response code: 404
16:40:17, URL: https://www.flexshopper.com/product/samsung-smt220nzaaxa-galaxy-tab-a7-lite-32gb-gray-smt220nzaaxa-eex, Response code: 404
16:40:18, URL: https://www.flexshopper.com/product/samsung-smx200nidaxa-105-inch-galaxy-tab-a8-32gb-pink-gold-wi-fi-smx200nidaxa-eex, Response code: 404
16:40:25, URL: https://www.flexshopper.com/product/sm-t638uzkan14-samsung-galaxytabactive4pro10164gb-5g-androidwork-b0bbt2qwjy, Response code: 404
16:40:36, URL: https://www.flexshopper.com/product/buds2-black-bb21770247-6464281, Response code: 404
16:40:37, URL: https://www.flexshopper.com/product/buds2-lavender-bb21770268-6464284, Response code: 404
16:40:40, URL: https://www.flexshopper.com/product/b094242fv1-samsung-galaxy-buds-2-true-wireless-earbuds-noise-b094242fv1, Response code: 404
16:40:43, URL: https://www.flexshopper.com/product/samsung-mx-st40bza-sound-tower-high-power-audio-140w-black-bb21973486-6505452, Response code: 404
16:40:44, URL: https://www.flexshopper.com/product/samsung-hw-s60bza-50ch-all-in-one-soundbar-with-wireless-dolby-atmos-black-bb21973516-6505163, Response code: 404
16:40:45, URL: https://www.flexshopper.com/product/samsung-hw-s801bza-312ch-soundbar-with-wireless-dolby-atmos-dtsx-white-bb21973518-6505157, Response code: 404
16:40:47, URL: https://www.flexshopper.com/product/wireless-rear-speaker-kitwireless-rear-speaker-kit-bb21977827-6510790, Response code: 404
16:40:48, URL: https://www.flexshopper.com/product/hw-b650za-samsung-hw-b650-31-ch-soundbar-wdolby-audio-202-b09yysrp35, Response code: 404
16:40:50, URL: https://www.flexshopper.com/product/swa-9500sza-samsung-swa-9500s-202-speaker-system-wall-mounta-b08xyjggmk, Response code: 404
16:41:01, URL: https://www.flexshopper.com/product/lg-73-cu-ft-electrtic-dryer-with-sensor-dry-white-bb21780385-6465090, Response code: 404
16:41:14, URL: https://www.flexshopper.com/product/lg-238-cu-ft-stainless-steel-top-mount-refrigerator-with-internal-water-dispenser-lrtls2403ss-lrtls2403s-abt, Response code: 404
16:41:28, URL: https://www.flexshopper.com/product/46dba-built-in-dishw-bb21795009-6469461, Response code: 404
16:41:35, URL: https://www.flexshopper.com/product/lg-black-stainless-steel-20-cu-ft-countertop-microwave-lmc2075bss-lmc2075bd-abt, Response code: 404
16:41:36, URL: https://www.flexshopper.com/product/lg-neochef-09-cu-ft-compact-microwave-stainless-steel-bb20667938-5721300, Response code: 404
16:41:37, URL: https://www.flexshopper.com/product/lg-stainless-steel-20-cu-ft-countertop-microwave-lmc2075ss-lmc2075st-abt, Response code: 404
16:42:08, URL: https://www.flexshopper.com/product/ts-tb-15-g4-iap-i5-8g-256g-11pts-tb-15-g4-iap-i5-8g-256g-11p-bb21978914-6525010, Response code: 404
16:42:09, URL: https://www.flexshopper.com/product/ts-v15-g3-aba-r5-8g-256g-11plenovo-v15-gen3-aba-r55625u-uma-8g-8gb-memory-256gb-m2-ssd-15-fhd-tn-720p-hd-camera-eng-keyboard-integrated-graphics-2x2-axbt-windows-11-pro-1-year-warranty-bb21988833-6530379, Response code: 404
16:42:10, URL: https://www.flexshopper.com/product/topseller-tp-x1-carbon-g10-bb22010508-6524627, Response code: 404
16:42:12, URL: https://www.flexshopper.com/product/lenovo-500e-chromebook-gen-3-116-celeron-n4500-4-gb-ram-32-gb-emmc-english-bb22110616-6546390, Response code: 404
16:42:16, URL: https://www.flexshopper.com/product/ts-tab-m10-3rd-gen-3-32gbtab-m10-plus-3rd-gen-332gb-106-2000x1200-400nits-mediatek-g80-octa-core-android-os-wi-fi-245ghz-bt-50-1-year-mail-in-bb22017406-6522707, Response code: 404
16:42:33, URL: https://www.flexshopper.com/product/62a3uar1us-lenovo-thinkvision-m14t-usb-c-mobile-monitor-with-62a3uar1us, Response code: 404
16:43:45, URL: https://www.flexshopper.com/product/elden-ring-playstation-4-playstation-5-bb21250578-6352244, Response code: 404
16:43:46, URL: https://www.flexshopper.com/product/dying-light-2-stay-human-playstation-5-bb21782707-6465746, Response code: 404
16:43:48, URL: https://www.flexshopper.com/product/nickelodeon-all-star-brawl-playstation-5-bb21806193-6471992, Response code: 404
16:43:49, URL: https://www.flexshopper.com/product/call-of-duty-black-ops-cold-war-standard-edition-playstation-4-bb21557535-6413914, Response code: 404
16:43:58, URL: https://www.flexshopper.com/product/sony-alpha-zv-e10-mirrorless-vlog-camera-with-16-50mm-lens-black-bb21810621-6473808, Response code: 404
16:43:59, URL: https://www.flexshopper.com/product/sony-alpha-6100-mirrorless-camera-2-lens-kit-with-e-pz-16-50mm-and-e-55-210mm-lenses-black-bb21321035-6375660, Response code: 404
16:44:17, URL: https://www.flexshopper.com/product/wh1000xm4b-sony-wh-1000xm4-wireless-industry-leading-noise-ca-b0863txgm3, Response code: 404
16:44:50, URL: https://www.flexshopper.com/product/ninja-ninja-foodi-power-nutri-duo-smoothie-bowl-maker-and-personal-blender-1200wp-smarttorque-4-auto-iq-presets-silver-bb21581127-6421815, Response code: 404
16:44:54, URL: https://www.flexshopper.com/product/shark-ai-robot-av20-bb21941626-6492862, Response code: 404
16:45:02, URL: https://www.flexshopper.com/product/ninja-10-cup-coffee-maker-blackstainless-steel-bb21224147-6346475, Response code: 404
16:45:04, URL: https://www.flexshopper.com/product/ninja-hotandcold-10-cup-coffee-maker-blackstainless-steel-bb21052352-6368983, Response code: 404
16:47:03, URL: https://www.flexshopper.com/product/canon-eos-rebel-t7-camera-bundle-for-beginners-t7bundle-eex, Response code: 404
16:47:06, URL: https://www.flexshopper.com/product/canon-eos-rebel-sl3-dslr-camera-with-18-55mm-lens-eosrebelsl3-eex, Response code: 404
